[debug] [2023-09-12T16:29:47.906Z] ----------------------------------------------------------------------
[debug] [2023-09-12T16:29:47.907Z] Command:       /usr/local/bin/node /usr/local/bin/firebase emulators:start
[debug] [2023-09-12T16:29:47.907Z] CLI Version:   12.5.2
[debug] [2023-09-12T16:29:47.907Z] Platform:      darwin
[debug] [2023-09-12T16:29:47.908Z] Node Version:  v18.16.0
[debug] [2023-09-12T16:29:47.911Z] Time:          Tue Sep 12 2023 21:59:47 GMT+0530 (India Standard Time)
[debug] [2023-09-12T16:29:47.911Z] ----------------------------------------------------------------------
[debug] 
[debug] [2023-09-12T16:29:47.969Z] > command requires scopes: ["email","openid","https://www.googleapis.com/auth/cloudplatformprojects.readonly","https://www.googleapis.com/auth/firebase","https://www.googleapis.com/auth/cloud-platform"]
[debug] [2023-09-12T16:29:47.970Z] > authorizing via signed-in user (mannjadwani1999@gmail.com)
[info] i  emulators: Starting emulators: functions {"metadata":{"emulator":{"name":"hub"},"message":"Starting emulators: functions"}}
[debug] [2023-09-12T16:29:48.144Z] [logging] Logging Emulator only supports listening on one address (127.0.0.1). Not listening on ::1
[debug] [2023-09-12T16:29:48.144Z] assigned listening specs for emulators {"user":{"hub":[{"address":"127.0.0.1","family":"IPv4","port":4400},{"address":"::1","family":"IPv6","port":4400}],"ui":[{"address":"127.0.0.1","family":"IPv4","port":4000},{"address":"::1","family":"IPv6","port":4000}],"logging":[{"address":"127.0.0.1","family":"IPv4","port":4500}]},"metadata":{"message":"assigned listening specs for emulators"}}
[debug] [2023-09-12T16:29:48.149Z] [hub] writing locator at /var/folders/dt/c5qw7cln3kbgkj34g6pshtzm0000gn/T/hub-clone-e260c.json
[debug] [2023-09-12T16:29:48.255Z] [functions] Functions Emulator only supports listening on one address (127.0.0.1). Not listening on ::1
[debug] [2023-09-12T16:29:48.255Z] [eventarc] Eventarc Emulator only supports listening on one address (127.0.0.1). Not listening on ::1
[debug] [2023-09-12T16:29:48.255Z] late-assigned ports for functions and eventarc emulators {"user":{"hub":[{"address":"127.0.0.1","family":"IPv4","port":4400},{"address":"::1","family":"IPv6","port":4400}],"ui":[{"address":"127.0.0.1","family":"IPv4","port":4000},{"address":"::1","family":"IPv6","port":4000}],"logging":[{"address":"127.0.0.1","family":"IPv4","port":4500}],"functions":[{"address":"127.0.0.1","family":"IPv4","port":5001}],"eventarc":[{"address":"127.0.0.1","family":"IPv4","port":9299}]},"metadata":{"message":"late-assigned ports for functions and eventarc emulators"}}
[warn] ⚠  functions: The following emulators are not running, calls to these services from the Functions emulator will affect production: auth, firestore, database, hosting, pubsub, storage {"metadata":{"emulator":{"name":"functions"},"message":"The following emulators are not running, calls to these services from the Functions emulator will affect production: \u001b[1mauth, firestore, database, hosting, pubsub, storage\u001b[22m"}}
[debug] [2023-09-12T16:29:48.256Z] defaultcredentials: writing to file /Users/mannjadwani/.config/firebase/mannjadwani1999_gmail_com_application_default_credentials.json
[debug] [2023-09-12T16:29:48.261Z] Setting GAC to /Users/mannjadwani/.config/firebase/mannjadwani1999_gmail_com_application_default_credentials.json {"metadata":{"emulator":{"name":"functions"},"message":"Setting GAC to /Users/mannjadwani/.config/firebase/mannjadwani1999_gmail_com_application_default_credentials.json"}}
[debug] [2023-09-12T16:29:48.262Z] >>> [apiv2][query] GET https://firebase.googleapis.com/v1beta1/projects/clone-e260c/adminSdkConfig [none]
[debug] [2023-09-12T16:29:48.718Z] <<< [apiv2][status] GET https://firebase.googleapis.com/v1beta1/projects/clone-e260c/adminSdkConfig 200
[debug] [2023-09-12T16:29:48.718Z] <<< [apiv2][body] GET https://firebase.googleapis.com/v1beta1/projects/clone-e260c/adminSdkConfig {"projectId":"clone-e260c","storageBucket":"clone-e260c.appspot.com"}
[debug] [2023-09-12T16:29:48.742Z] Ignoring unsupported arg: auto_download {"metadata":{"emulator":{"name":"ui"},"message":"Ignoring unsupported arg: auto_download"}}
[debug] [2023-09-12T16:29:48.742Z] Ignoring unsupported arg: port {"metadata":{"emulator":{"name":"ui"},"message":"Ignoring unsupported arg: port"}}
[debug] [2023-09-12T16:29:48.743Z] Starting Emulator UI with command {"binary":"node","args":["/Users/mannjadwani/.cache/firebase/emulators/ui-v1.11.7/server/server.js"],"optionalArgs":[],"joinArgs":false} {"metadata":{"emulator":{"name":"ui"},"message":"Starting Emulator UI with command {\"binary\":\"node\",\"args\":[\"/Users/mannjadwani/.cache/firebase/emulators/ui-v1.11.7/server/server.js\"],\"optionalArgs\":[],\"joinArgs\":false}"}}
[info] i  ui: Emulator UI logging to ui-debug.log {"metadata":{"emulator":{"name":"ui"},"message":"Emulator UI logging to \u001b[1mui-debug.log\u001b[22m"}}
[debug] [2023-09-12T16:29:48.825Z] Web / API server started at 127.0.0.1:4000
 {"metadata":{"emulator":{"name":"ui"},"message":"Web / API server started at 127.0.0.1:4000\n"}}
[debug] [2023-09-12T16:29:48.825Z] Web / API server started at ::1:4000
 {"metadata":{"emulator":{"name":"ui"},"message":"Web / API server started at ::1:4000\n"}}
[info] i  functions: Watching "/Users/mannjadwani/Desktop/Misc/f /amazon-clone/functions" for Cloud Functions... {"metadata":{"emulator":{"name":"functions"},"message":"Watching \"/Users/mannjadwani/Desktop/Misc/f /amazon-clone/functions\" for Cloud Functions..."}}
[debug] [2023-09-12T16:29:49.008Z] Validating nodejs source
[debug] [2023-09-12T16:29:49.410Z] > [functions] package.json contents: {
  "name": "functions",
  "description": "Cloud Functions for Firebase",
  "scripts": {
    "lint": "eslint .",
    "serve": "firebase emulators:start --only functions",
    "shell": "firebase functions:shell",
    "start": "npm run shell",
    "deploy": "firebase deploy --only functions",
    "logs": "firebase functions:log"
  },
  "engines": {
    "node": "18"
  },
  "main": "index.js",
  "dependencies": {
    "cors": "^2.8.5",
    "express": "^4.18.2",
    "firebase-admin": "^11.8.0",
    "firebase-functions": "^4.3.1",
    "stripe": "^13.5.0"
  },
  "devDependencies": {
    "eslint": "^8.15.0",
    "eslint-config-google": "^0.14.0",
    "firebase-functions-test": "^3.1.0"
  },
  "private": true
}
[debug] [2023-09-12T16:29:49.411Z] Building nodejs source
[debug] [2023-09-12T16:29:49.411Z] Failed to find version of module node: reached end of search path /Users/mannjadwani/Desktop/Misc/f /amazon-clone/functions/node_modules
[info] ✔  functions: Using node@18 from host. 
[debug] [2023-09-12T16:29:49.412Z] Could not find functions.yaml. Must use http discovery
[debug] [2023-09-12T16:29:49.415Z] Found firebase-functions binary at '/Users/mannjadwani/Desktop/Misc/f /amazon-clone/functions/node_modules/.bin/firebase-functions'
[info] Serving at port 8826

[debug] [2023-09-12T16:29:49.618Z] Got response from /__/functions.yaml {"endpoints":{"api":{"availableMemoryMb":null,"timeoutSeconds":null,"minInstances":null,"maxInstances":null,"ingressSettings":null,"concurrency":null,"serviceAccountEmail":null,"vpc":null,"platform":"gcfv2","labels":{},"httpsTrigger":{},"entryPoint":"api"}},"specVersion":"v1alpha1","requiredAPIs":[]}
[info] shutdown requested via /__/quitquitquit

[info] ✔  functions: Loaded functions definitions from source: api. {"metadata":{"emulator":{"name":"functions"},"message":"Loaded functions definitions from source: api."}}
[info] ✔  functions[us-central1-api]: http function initialized (http://127.0.0.1:5001/clone-e260c/us-central1/api). {"metadata":{"emulator":{"name":"functions"},"message":"\u001b[1mhttp\u001b[22m function initialized (http://127.0.0.1:5001/clone-e260c/us-central1/api)."}}
[info] 
┌─────────────────────────────────────────────────────────────┐
│ ✔  All emulators ready! It is now safe to connect your app. │
│ i  View Emulator UI at http://127.0.0.1:4000/               │
└─────────────────────────────────────────────────────────────┘

┌───────────┬────────────────┬─────────────────────────────────┐
│ Emulator  │ Host:Port      │ View in Emulator UI             │
├───────────┼────────────────┼─────────────────────────────────┤
│ Functions │ 127.0.0.1:5001 │ http://127.0.0.1:4000/functions │
└───────────┴────────────────┴─────────────────────────────────┘
  Emulator Hub running at 127.0.0.1:4400
  Other reserved ports: 4500

Issues? Report them at https://github.com/firebase/firebase-tools/issues and attach the *-debug.log files.
 
[debug] [2023-09-12T16:29:58.327Z] [work-queue] {"queuedWork":["/clone-e260c/us-central1/api-2023-09-12T16:29:58.326Z"],"queueLength":1,"runningWork":[],"workRunningCount":0}
[debug] [2023-09-12T16:29:58.327Z] [work-queue] {"queuedWork":[],"queueLength":0,"runningWork":["/clone-e260c/us-central1/api-2023-09-12T16:29:58.326Z"],"workRunningCount":1}
[debug] [2023-09-12T16:29:58.327Z] Accepted request GET /clone-e260c/us-central1/api --> us-central1-api
[debug] [2023-09-12T16:29:58.329Z] [functions] Runtime ready! Sending request! {"metadata":{"emulator":{"name":"functions"},"message":"[functions] Runtime ready! Sending request!"}}
[debug] [2023-09-12T16:29:58.330Z] [functions] Got req.url=/clone-e260c/us-central1/api, mapping to path=/ {"metadata":{"emulator":{"name":"functions"},"message":"[functions] Got req.url=/clone-e260c/us-central1/api, mapping to path=/"}}
[debug] [2023-09-12T16:29:58.333Z] [worker-pool] addWorker(us-central1-api) {"metadata":{"emulator":{"name":"functions"},"message":"[worker-pool] addWorker(us-central1-api)"}}
[debug] [2023-09-12T16:29:58.334Z] [worker-pool] Adding worker with key us-central1-api, total=1 {"metadata":{"emulator":{"name":"functions"},"message":"[worker-pool] Adding worker with key us-central1-api, total=1"}}
[debug] [2023-09-12T16:29:58.859Z] [runtime-status] [76355] Resolved module firebase-admin {"declared":true,"installed":true,"version":"11.10.1","resolution":"/Users/mannjadwani/Desktop/Misc/f /amazon-clone/functions/node_modules/firebase-admin/lib/index.js"} {"metadata":{"emulator":{"name":"functions"},"function":{"name":"us-central1-api"},"extension":{},"message":"[runtime-status] [76355] Resolved module firebase-admin {\"declared\":true,\"installed\":true,\"version\":\"11.10.1\",\"resolution\":\"/Users/mannjadwani/Desktop/Misc/f /amazon-clone/functions/node_modules/firebase-admin/lib/index.js\"}"}}
[debug] [2023-09-12T16:29:58.859Z] [runtime-status] [76355] Resolved module firebase-functions {"declared":true,"installed":true,"version":"4.4.1","resolution":"/Users/mannjadwani/Desktop/Misc/f /amazon-clone/functions/node_modules/firebase-functions/lib/v1/index.js"} {"metadata":{"emulator":{"name":"functions"},"function":{"name":"us-central1-api"},"extension":{},"message":"[runtime-status] [76355] Resolved module firebase-functions {\"declared\":true,\"installed\":true,\"version\":\"4.4.1\",\"resolution\":\"/Users/mannjadwani/Desktop/Misc/f /amazon-clone/functions/node_modules/firebase-functions/lib/v1/index.js\"}"}}
[debug] [2023-09-12T16:29:58.860Z] [runtime-status] [76355] Outgoing network have been stubbed. [{"name":"http","status":"mocked"},{"name":"http","status":"mocked"},{"name":"https","status":"mocked"},{"name":"https","status":"mocked"},{"name":"net","status":"mocked"}] {"metadata":{"emulator":{"name":"functions"},"function":{"name":"us-central1-api"},"extension":{},"message":"[runtime-status] [76355] Outgoing network have been stubbed. [{\"name\":\"http\",\"status\":\"mocked\"},{\"name\":\"http\",\"status\":\"mocked\"},{\"name\":\"https\",\"status\":\"mocked\"},{\"name\":\"https\",\"status\":\"mocked\"},{\"name\":\"net\",\"status\":\"mocked\"}]"}}
[debug] [2023-09-12T16:29:58.860Z] [runtime-status] [76355] Resolved module firebase-functions {"declared":true,"installed":true,"version":"4.4.1","resolution":"/Users/mannjadwani/Desktop/Misc/f /amazon-clone/functions/node_modules/firebase-functions/lib/v1/index.js"} {"metadata":{"emulator":{"name":"functions"},"function":{"name":"us-central1-api"},"extension":{},"message":"[runtime-status] [76355] Resolved module firebase-functions {\"declared\":true,\"installed\":true,\"version\":\"4.4.1\",\"resolution\":\"/Users/mannjadwani/Desktop/Misc/f /amazon-clone/functions/node_modules/firebase-functions/lib/v1/index.js\"}"}}
[debug] [2023-09-12T16:29:58.970Z] [runtime-status] [76355] Checked functions.config() {"config":{}} {"metadata":{"emulator":{"name":"functions"},"function":{"name":"us-central1-api"},"extension":{},"message":"[runtime-status] [76355] Checked functions.config() {\"config\":{}}"}}
[debug] [2023-09-12T16:29:58.970Z] [runtime-status] [76355] firebase-functions has been stubbed. {"functionsResolution":{"declared":true,"installed":true,"version":"4.4.1","resolution":"/Users/mannjadwani/Desktop/Misc/f /amazon-clone/functions/node_modules/firebase-functions/lib/v1/index.js"}} {"metadata":{"emulator":{"name":"functions"},"function":{"name":"us-central1-api"},"extension":{},"message":"[runtime-status] [76355] firebase-functions has been stubbed. {\"functionsResolution\":{\"declared\":true,\"installed\":true,\"version\":\"4.4.1\",\"resolution\":\"/Users/mannjadwani/Desktop/Misc/f /amazon-clone/functions/node_modules/firebase-functions/lib/v1/index.js\"}}"}}
[debug] [2023-09-12T16:29:58.970Z] [runtime-status] [76355] Resolved module firebase-functions {"declared":true,"installed":true,"version":"4.4.1","resolution":"/Users/mannjadwani/Desktop/Misc/f /amazon-clone/functions/node_modules/firebase-functions/lib/v1/index.js"} {"metadata":{"emulator":{"name":"functions"},"function":{"name":"us-central1-api"},"extension":{},"message":"[runtime-status] [76355] Resolved module firebase-functions {\"declared\":true,\"installed\":true,\"version\":\"4.4.1\",\"resolution\":\"/Users/mannjadwani/Desktop/Misc/f /amazon-clone/functions/node_modules/firebase-functions/lib/v1/index.js\"}"}}
[debug] [2023-09-12T16:29:58.971Z] [runtime-status] [76355] Resolved module firebase-admin {"declared":true,"installed":true,"version":"11.10.1","resolution":"/Users/mannjadwani/Desktop/Misc/f /amazon-clone/functions/node_modules/firebase-admin/lib/index.js"} {"metadata":{"emulator":{"name":"functions"},"function":{"name":"us-central1-api"},"extension":{},"message":"[runtime-status] [76355] Resolved module firebase-admin {\"declared\":true,\"installed\":true,\"version\":\"11.10.1\",\"resolution\":\"/Users/mannjadwani/Desktop/Misc/f /amazon-clone/functions/node_modules/firebase-admin/lib/index.js\"}"}}
[debug] [2023-09-12T16:29:58.972Z] [runtime-status] [76355] Resolved module firebase-functions {"declared":true,"installed":true,"version":"4.4.1","resolution":"/Users/mannjadwani/Desktop/Misc/f /amazon-clone/functions/node_modules/firebase-functions/lib/v1/index.js"} {"metadata":{"emulator":{"name":"functions"},"function":{"name":"us-central1-api"},"extension":{},"message":"[runtime-status] [76355] Resolved module firebase-functions {\"declared\":true,\"installed\":true,\"version\":\"4.4.1\",\"resolution\":\"/Users/mannjadwani/Desktop/Misc/f /amazon-clone/functions/node_modules/firebase-functions/lib/v1/index.js\"}"}}
[debug] [2023-09-12T16:29:58.972Z] [runtime-status] [76355] firebase-admin has been stubbed. {"adminResolution":{"declared":true,"installed":true,"version":"11.10.1","resolution":"/Users/mannjadwani/Desktop/Misc/f /amazon-clone/functions/node_modules/firebase-admin/lib/index.js"}} {"metadata":{"emulator":{"name":"functions"},"function":{"name":"us-central1-api"},"extension":{},"message":"[runtime-status] [76355] firebase-admin has been stubbed. {\"adminResolution\":{\"declared\":true,\"installed\":true,\"version\":\"11.10.1\",\"resolution\":\"/Users/mannjadwani/Desktop/Misc/f /amazon-clone/functions/node_modules/firebase-admin/lib/index.js\"}}"}}
[debug] [2023-09-12T16:29:59.030Z] [runtime-status] [76355] Functions runtime initialized. {"cwd":"/Users/mannjadwani/Desktop/Misc/f /amazon-clone/functions","node_version":"18.16.0"} {"metadata":{"emulator":{"name":"functions"},"function":{"name":"us-central1-api"},"extension":{},"message":"[runtime-status] [76355] Functions runtime initialized. {\"cwd\":\"/Users/mannjadwani/Desktop/Misc/f /amazon-clone/functions\",\"node_version\":\"18.16.0\"}"}}
[debug] [2023-09-12T16:29:59.030Z] [runtime-status] [76355] Listening to port: /var/folders/dt/c5qw7cln3kbgkj34g6pshtzm0000gn/T/fire_emu_5b9508f4ced58992.sock {"metadata":{"emulator":{"name":"functions"},"function":{"name":"us-central1-api"},"extension":{},"message":"[runtime-status] [76355] Listening to port: /var/folders/dt/c5qw7cln3kbgkj34g6pshtzm0000gn/T/fire_emu_5b9508f4ced58992.sock"}}
[debug] [2023-09-12T16:29:59.049Z] [worker-us-central1-api-87d57c58-8a96-4ab6-9381-c0655bb00ae2]: IDLE {"metadata":{"emulator":{"name":"functions"},"function":{"name":"us-central1-api"},"extension":{},"message":"[worker-us-central1-api-87d57c58-8a96-4ab6-9381-c0655bb00ae2]: IDLE"}}
[debug] [2023-09-12T16:29:59.050Z] [worker-pool] submitRequest(triggerId=us-central1-api) {"metadata":{"emulator":{"name":"functions"},"message":"[worker-pool] submitRequest(triggerId=us-central1-api)"}}
[info] i  functions: Beginning execution of "us-central1-api" {"metadata":{"emulator":{"name":"functions"},"function":{"name":"us-central1-api"},"extension":{},"message":"Beginning execution of \"us-central1-api\""}}
[debug] [2023-09-12T16:29:59.050Z] [worker-us-central1-api-87d57c58-8a96-4ab6-9381-c0655bb00ae2]: BUSY {"metadata":{"emulator":{"name":"functions"},"function":{"name":"us-central1-api"},"extension":{},"message":"[worker-us-central1-api-87d57c58-8a96-4ab6-9381-c0655bb00ae2]: BUSY"}}
[debug] [2023-09-12T16:29:59.053Z] Finishing up request with event=pause {"metadata":{"emulator":{"name":"functions"},"function":{"name":"us-central1-api"},"extension":{},"message":"Finishing up request with event=pause"}}
[info] i  functions: Finished "us-central1-api" in 3.512375ms {"metadata":{"emulator":{"name":"functions"},"function":{"name":"us-central1-api"},"extension":{},"message":"Finished \"us-central1-api\" in 3.512375ms"}}
[debug] [2023-09-12T16:29:59.054Z] [worker-us-central1-api-87d57c58-8a96-4ab6-9381-c0655bb00ae2]: IDLE {"metadata":{"emulator":{"name":"functions"},"function":{"name":"us-central1-api"},"extension":{},"message":"[worker-us-central1-api-87d57c58-8a96-4ab6-9381-c0655bb00ae2]: IDLE"}}
[debug] [2023-09-12T16:29:59.054Z] Finishing up request with event=finish {"metadata":{"emulator":{"name":"functions"},"function":{"name":"us-central1-api"},"extension":{},"message":"Finishing up request with event=finish"}}
[debug] [2023-09-12T16:29:59.054Z] Finishing up request with event=close {"metadata":{"emulator":{"name":"functions"},"function":{"name":"us-central1-api"},"extension":{},"message":"Finishing up request with event=close"}}
[debug] [2023-09-12T16:29:59.054Z] [work-queue] {"queuedWork":[],"queueLength":0,"runningWork":[],"workRunningCount":0}
[debug] [2023-09-12T16:29:59.110Z] Functions emulator received unknown request at path /favicon.ico
